Config: 
{'type': 'TRAIN_AND_TEST', 'model_name': 'VGG', 'save_model': True, 'show_plot': False, 'save_plot': True, 'log': 'TRUE'}

Hyperparameters: 
DEVICE_NAME cuda
DEVICE cuda
TRAIN_DATASET_PATH data/dataset/ISBI2016_ISIC_Part3_Training_Data
TEST_DATASET_PATH data/dataset/ISBI2016_ISIC_Part3_Test_Data
TRAIN_CSV_NAME data/dataset/ISBI2016_ISIC_Part3_Training_GroundTruth.csv
TEST_CSV_NAME data/dataset/ISBI2016_ISIC_Part3_Test_GroundTruth.csv
VALIDATION_CSV_NAME data/dataset/validation.csv
SAVED_MODEL_PATH models/
SAVED_PLOT_PATH results/
MEAN_PARAMS [0.485, 0.456, 0.406]
STD_PARAMS [0.229, 0.224, 0.225]
RESIZE_PARAMS (128, 128)
NUM_WORKERS 0
BATCH_SIZE 256
EPOCHS 12
LEARNING_RATE 0.0001
LR_STEP_SIZE 10
WEIGHT_DECAY 0
NUM_CLASSES 2
CLASS_NAMES ['Benign', 'Malignant']
CLASS_NAMES_SERBIAN ['Benigni tumor', 'Maligni tumor']


[Train] Starting...
[Train] Epoch: 0, Batch: 0, Index: 0, Loss: 0.7472966313362122, Learning Rate: 0.0001
[Train] Epoch: 0, Batch: 1, Index: 256, Loss: 0.7382372617721558, Learning Rate: 0.0001
[Train] Epoch: 0, Batch: 2, Index: 512, Loss: 0.6773425936698914, Learning Rate: 0.0001
[Train] Epoch: 0, Batch: 3, Index: 768, Loss: 0.7030419111251831, Learning Rate: 0.0001
Accuracy: 0.51 
 Precision: 0.84 
 Recall: 0.51 
 F1 Score: 0.55 
 Report:                precision    recall  f1-score   support

      Benign       0.97      0.41      0.58        73
   Malignant       0.27      0.94      0.42        17

    accuracy                           0.51        90
   macro avg       0.62      0.68      0.50        90
weighted avg       0.84      0.51      0.55        90

[Train] Epoch: 1, Batch: 0, Index: 0, Loss: 0.5899750590324402, Learning Rate: 0.0001
[Train] Epoch: 1, Batch: 1, Index: 256, Loss: 0.5745635032653809, Learning Rate: 0.0001
[Train] Epoch: 1, Batch: 2, Index: 512, Loss: 0.566443681716919, Learning Rate: 0.0001
[Train] Epoch: 1, Batch: 3, Index: 768, Loss: 0.568513810634613, Learning Rate: 0.0001
Accuracy: 0.82 
 Precision: 0.87 
 Recall: 0.82 
 F1 Score: 0.84 
 Report:                precision    recall  f1-score   support

      Benign       0.95      0.82      0.88        73
   Malignant       0.52      0.82      0.64        17

    accuracy                           0.82        90
   macro avg       0.74      0.82      0.76        90
weighted avg       0.87      0.82      0.84        90

[Train] Epoch: 2, Batch: 0, Index: 0, Loss: 0.5255617499351501, Learning Rate: 0.0001
[Train] Epoch: 2, Batch: 1, Index: 256, Loss: 0.4500415027141571, Learning Rate: 0.0001
[Train] Epoch: 2, Batch: 2, Index: 512, Loss: 0.5148951411247253, Learning Rate: 0.0001
[Train] Epoch: 2, Batch: 3, Index: 768, Loss: 0.5326940417289734, Learning Rate: 0.0001
Accuracy: 0.76 
 Precision: 0.86 
 Recall: 0.76 
 F1 Score: 0.78 
 Report:                precision    recall  f1-score   support

      Benign       0.96      0.73      0.83        73
   Malignant       0.43      0.88      0.58        17

    accuracy                           0.76        90
   macro avg       0.70      0.80      0.70        90
weighted avg       0.86      0.76      0.78        90

[Train] Epoch: 3, Batch: 0, Index: 0, Loss: 0.45144253969192505, Learning Rate: 0.0001
[Train] Epoch: 3, Batch: 1, Index: 256, Loss: 0.49006518721580505, Learning Rate: 0.0001
[Train] Epoch: 3, Batch: 2, Index: 512, Loss: 0.48436427116394043, Learning Rate: 0.0001
[Train] Epoch: 3, Batch: 3, Index: 768, Loss: 0.3658810555934906, Learning Rate: 0.0001
Accuracy: 0.81 
 Precision: 0.88 
 Recall: 0.81 
 F1 Score: 0.83 
 Report:                precision    recall  f1-score   support

      Benign       0.97      0.79      0.87        73
   Malignant       0.50      0.88      0.64        17

    accuracy                           0.81        90
   macro avg       0.73      0.84      0.76        90
weighted avg       0.88      0.81      0.83        90

[Train] Epoch: 4, Batch: 0, Index: 0, Loss: 0.3951336741447449, Learning Rate: 0.0001
[Train] Epoch: 4, Batch: 1, Index: 256, Loss: 0.4478791356086731, Learning Rate: 0.0001
[Train] Epoch: 4, Batch: 2, Index: 512, Loss: 0.3830125629901886, Learning Rate: 0.0001
[Train] Epoch: 4, Batch: 3, Index: 768, Loss: 0.5360519886016846, Learning Rate: 0.0001
Accuracy: 0.83 
 Precision: 0.89 
 Recall: 0.83 
 F1 Score: 0.85 
 Report:                precision    recall  f1-score   support

      Benign       0.97      0.82      0.89        73
   Malignant       0.54      0.88      0.67        17

    accuracy                           0.83        90
   macro avg       0.75      0.85      0.78        90
weighted avg       0.89      0.83      0.85        90

[Train] Epoch: 5, Batch: 0, Index: 0, Loss: 0.33929577469825745, Learning Rate: 0.0001
[Train] Epoch: 5, Batch: 1, Index: 256, Loss: 0.4198252558708191, Learning Rate: 0.0001
[Train] Epoch: 5, Batch: 2, Index: 512, Loss: 0.42198362946510315, Learning Rate: 0.0001
[Train] Epoch: 5, Batch: 3, Index: 768, Loss: 0.26902106404304504, Learning Rate: 0.0001
Accuracy: 0.84 
 Precision: 0.89 
 Recall: 0.84 
 F1 Score: 0.86 
 Report:                precision    recall  f1-score   support

      Benign       0.97      0.84      0.90        73
   Malignant       0.56      0.88      0.68        17

    accuracy                           0.84        90
   macro avg       0.76      0.86      0.79        90
weighted avg       0.89      0.84      0.86        90

[Train] Epoch: 6, Batch: 0, Index: 0, Loss: 0.4481755197048187, Learning Rate: 0.0001
[Train] Epoch: 6, Batch: 1, Index: 256, Loss: 0.34625929594039917, Learning Rate: 0.0001
[Train] Epoch: 6, Batch: 2, Index: 512, Loss: 0.3383967876434326, Learning Rate: 0.0001
[Train] Epoch: 6, Batch: 3, Index: 768, Loss: 0.2962476909160614, Learning Rate: 0.0001
Accuracy: 0.87 
 Precision: 0.90 
 Recall: 0.87 
 F1 Score: 0.88 
 Report:                precision    recall  f1-score   support

      Benign       0.97      0.86      0.91        73
   Malignant       0.60      0.88      0.71        17

    accuracy                           0.87        90
   macro avg       0.78      0.87      0.81        90
weighted avg       0.90      0.87      0.88        90

[Train] Epoch: 7, Batch: 0, Index: 0, Loss: 0.33988654613494873, Learning Rate: 0.0001
[Train] Epoch: 7, Batch: 1, Index: 256, Loss: 0.33144238591194153, Learning Rate: 0.0001
[Train] Epoch: 7, Batch: 2, Index: 512, Loss: 0.3075753450393677, Learning Rate: 0.0001
[Train] Epoch: 7, Batch: 3, Index: 768, Loss: 0.36898621916770935, Learning Rate: 0.0001
Accuracy: 0.90 
 Precision: 0.92 
 Recall: 0.90 
 F1 Score: 0.90 
 Report:                precision    recall  f1-score   support

      Benign       0.97      0.90      0.94        73
   Malignant       0.68      0.88      0.77        17

    accuracy                           0.90        90
   macro avg       0.83      0.89      0.85        90
weighted avg       0.92      0.90      0.90        90

[Train] Epoch: 8, Batch: 0, Index: 0, Loss: 0.3007824122905731, Learning Rate: 0.0001
[Train] Epoch: 8, Batch: 1, Index: 256, Loss: 0.3080723285675049, Learning Rate: 0.0001
[Train] Epoch: 8, Batch: 2, Index: 512, Loss: 0.39273500442504883, Learning Rate: 0.0001
[Train] Epoch: 8, Batch: 3, Index: 768, Loss: 0.24850444495677948, Learning Rate: 0.0001
Accuracy: 0.92 
 Precision: 0.93 
 Recall: 0.92 
 F1 Score: 0.92 
 Report:                precision    recall  f1-score   support

      Benign       0.97      0.93      0.95        73
   Malignant       0.75      0.88      0.81        17

    accuracy                           0.92        90
   macro avg       0.86      0.91      0.88        90
weighted avg       0.93      0.92      0.92        90

[Train] Epoch: 9, Batch: 0, Index: 0, Loss: 0.28085389733314514, Learning Rate: 0.0001
[Train] Epoch: 9, Batch: 1, Index: 256, Loss: 0.24054814875125885, Learning Rate: 0.0001
[Train] Epoch: 9, Batch: 2, Index: 512, Loss: 0.29154643416404724, Learning Rate: 0.0001
[Train] Epoch: 9, Batch: 3, Index: 768, Loss: 0.2749529182910919, Learning Rate: 0.0001
Accuracy: 0.92 
 Precision: 0.93 
 Recall: 0.92 
 F1 Score: 0.92 
 Report:                precision    recall  f1-score   support

      Benign       0.97      0.93      0.95        73
   Malignant       0.75      0.88      0.81        17

    accuracy                           0.92        90
   macro avg       0.86      0.91      0.88        90
weighted avg       0.93      0.92      0.92        90

[Train] Epoch: 10, Batch: 0, Index: 0, Loss: 0.23467104136943817, Learning Rate: 0.0001
[Train] Epoch: 10, Batch: 1, Index: 256, Loss: 0.31517767906188965, Learning Rate: 0.0001
[Train] Epoch: 10, Batch: 2, Index: 512, Loss: 0.2818211019039154, Learning Rate: 0.0001
[Train] Epoch: 10, Batch: 3, Index: 768, Loss: 0.3329690098762512, Learning Rate: 0.0001
Accuracy: 0.91 
 Precision: 0.92 
 Recall: 0.91 
 F1 Score: 0.91 
 Report:                precision    recall  f1-score   support

      Benign       0.96      0.93      0.94        73
   Malignant       0.74      0.82      0.78        17

    accuracy                           0.91        90
   macro avg       0.85      0.88      0.86        90
weighted avg       0.92      0.91      0.91        90

[Train] Epoch: 11, Batch: 0, Index: 0, Loss: 0.21964609622955322, Learning Rate: 0.0001
[Train] Epoch: 11, Batch: 1, Index: 256, Loss: 0.21587300300598145, Learning Rate: 0.0001
[Train] Epoch: 11, Batch: 2, Index: 512, Loss: 0.35184839367866516, Learning Rate: 0.0001
[Train] Epoch: 11, Batch: 3, Index: 768, Loss: 0.5743436217308044, Learning Rate: 0.0001
Accuracy: 0.92 
 Precision: 0.92 
 Recall: 0.92 
 F1 Score: 0.92 
 Report:                precision    recall  f1-score   support

      Benign       0.96      0.95      0.95        73
   Malignant       0.78      0.82      0.80        17

    accuracy                           0.92        90
   macro avg       0.87      0.88      0.88        90
weighted avg       0.92      0.92      0.92        90

Plotting training info...
[Train] Time taken:  0:04:58.961313
[Test] Starting...
Accuracy: 0.79 
 Precision: 0.82 
 Recall: 0.79 
 F1 Score: 0.80 
 Report:                precision    recall  f1-score   support

      Benign       0.91      0.82      0.86       303
   Malignant       0.47      0.65      0.55        75

    accuracy                           0.79       378
   macro avg       0.69      0.74      0.70       378
weighted avg       0.82      0.79      0.80       378

[Test] Time taken:  0:00:09.240015
