Config: 
{'type': 'TEST', 'model_name': 'XGBoost', 'dataset_name': 'HAM', 'save_model': True, 'show_plot': False, 'save_plot': True, 'log': True}

Hyperparameters: 
DEVICE_NAME cuda
DEVICE cuda
TRAIN_DATASET_PATH data/dataset/ISBI2016_ISIC_Part3_Training_Data
TEST_DATASET_PATH data/dataset/ISBI2016_ISIC_Part3_Test_Data
TRAIN_CSV_NAME data/dataset/ISBI2016_ISIC_Part3_Training_GroundTruth.csv
TEST_CSV_NAME data/dataset/ISBI2016_ISIC_Part3_Test_GroundTruth.csv
VALIDATION_CSV_NAME data/dataset/validation.csv
HAM10000_DATASET_PATH data/dataset/archive/
HAM10000_CSV_NAME data/dataset/archive/HAM10000_metadata.csv
HAM10000_IMAGES_1_PATH HAM10000_images_part_1/
HAM10000_IMAGES_2_PATH HAM10000_images_part_2/
SAVED_MODEL_PATH models/
SAVED_PLOT_PATH results/
MEAN_PARAMS [0.485, 0.456, 0.406]
STD_PARAMS [0.229, 0.224, 0.225]
RESIZE_PARAMS (128, 128)
NUM_WORKERS 0
BATCH_SIZE 256
EPOCHS 12
LEARNING_RATE 0.0001
LR_STEP_SIZE 10
WEIGHT_DECAY 0
NUM_CLASSES 2
CLASS_NAMES ['Benign', 'Malignant']
CLASS_NAMES_SERBIAN ['Benigni tumor', 'Maligni tumor']


[Test] Starting...
Accuracy: 0.60 
 Precision: 0.83 
 Recall: 0.60 
 F1 Score: 0.68 
 Report:                precision    recall  f1-score   support

      Benign       0.92      0.61      0.73      8916
   Malignant       0.15      0.55      0.23      1099

    accuracy                           0.60     10015
   macro avg       0.53      0.58      0.48     10015
weighted avg       0.83      0.60      0.68     10015

[Test] Time taken:  0:01:03.521503
